
> vibe-generated-app@1.0.0 dev
> vite


  VITE v5.4.20  ready in 270 ms

  ➜  Local:   http://localhost:3000/
  ➜  Network: http://172.20.11.7:3000/
4:50:57 PM [vite] Pre-transform error: Transform failed with 4 errors:
/home/workspace/src/components/Docs.jsx:34:16: ERROR: Unexpected closing "Section" tag does not match opening "your_key" tag
/home/workspace/src/components/Docs.jsx:35:14: ERROR: Unexpected closing "div" tag does not match opening "Section" tag
/home/workspace/src/components/Docs.jsx:61:6: ERROR: Unexpected closing "section" tag does not match opening "div" tag
/home/workspace/src/components/Docs.jsx:66:0: ERROR: Unexpected end of file before a closing "section" tag
4:50:58 PM [vite] Internal server error: Transform failed with 4 errors:
/home/workspace/src/components/Docs.jsx:34:16: ERROR: Unexpected closing "Section" tag does not match opening "your_key" tag
/home/workspace/src/components/Docs.jsx:35:14: ERROR: Unexpected closing "div" tag does not match opening "Section" tag
/home/workspace/src/components/Docs.jsx:61:6: ERROR: Unexpected closing "section" tag does not match opening "div" tag
/home/workspace/src/components/Docs.jsx:66:0: ERROR: Unexpected end of file before a closing "section" tag
  Plugin: vite:esbuild
  File: /home/workspace/src/components/Docs.jsx:34:16
  
  Unexpected closing "Section" tag does not match opening "your_key" tag
  32 |                <Section title="Authentication">
  33 |                  Use API keys with fine-grained scopes. Send as Authorization: Bearer <your_key> over HTTPS.
  34 |                </Section>
     |                  ^
  35 |              </div>
  36 |  
  
  Unexpected closing "div" tag does not match opening "Section" tag
  33 |                  Use API keys with fine-grained scopes. Send as Authorization: Bearer <your_key> over HTTPS.
  34 |                </Section>
  35 |              </div>
     |                ^
  36 |  
  37 |              <div id="webhooks" className="grid md:grid-cols-3 gap-6">
  
  Unexpected closing "section" tag does not match opening "div" tag
  59 |          </div>
  60 |        </div>
  61 |      </section>
     |        ^
  62 |    );
  63 |  };
  
  Unexpected end of file before a closing "section" tag
  64 |  
  65 |  export default Docs;
  66 |  
     |  ^
  
      at failureErrorWithLog (/home/workspace/node_modules/esbuild/lib/main.js:1472:15)
      at /home/workspace/node_modules/esbuild/lib/main.js:755:50
      at responseCallbacks.<computed> (/home/workspace/node_modules/esbuild/lib/main.js:622:9)
      at handleIncomingPacket (/home/workspace/node_modules/esbuild/lib/main.js:677:12)
      at Socket.readFromStdout (/home/workspace/node_modules/esbuild/lib/main.js:600:7)
      at Socket.emit (node:events:508:28)
      at addChunk (node:internal/streams/readable:559:12)
      at readableAddChunkPushByteMode (node:internal/streams/readable:510:3)
      at Readable.push (node:internal/streams/readable:390:5)
      at Pipe.onStreamRead (node:internal/stream_base_commons:189:23)
4:50:59 PM [vite] Internal server error: Transform failed with 4 errors:
/home/workspace/src/components/Docs.jsx:34:16: ERROR: Unexpected closing "Section" tag does not match opening "your_key" tag
/home/workspace/src/components/Docs.jsx:35:14: ERROR: Unexpected closing "div" tag does not match opening "Section" tag
/home/workspace/src/components/Docs.jsx:61:6: ERROR: Unexpected closing "section" tag does not match opening "div" tag
/home/workspace/src/components/Docs.jsx:66:0: ERROR: Unexpected end of file before a closing "section" tag
  Plugin: vite:esbuild
  File: /home/workspace/src/components/Docs.jsx:34:16
  
  Unexpected closing "Section" tag does not match opening "your_key" tag
  32 |                <Section title="Authentication">
  33 |                  Use API keys with fine-grained scopes. Send as Authorization: Bearer <your_key> over HTTPS.
  34 |                </Section>
     |                  ^
  35 |              </div>
  36 |  
  
  Unexpected closing "div" tag does not match opening "Section" tag
  33 |                  Use API keys with fine-grained scopes. Send as Authorization: Bearer <your_key> over HTTPS.
  34 |                </Section>
  35 |              </div>
     |                ^
  36 |  
  37 |              <div id="webhooks" className="grid md:grid-cols-3 gap-6">
  
  Unexpected closing "section" tag does not match opening "div" tag
  59 |          </div>
  60 |        </div>
  61 |      </section>
     |        ^
  62 |    );
  63 |  };
  
  Unexpected end of file before a closing "section" tag
  64 |  
  65 |  export default Docs;
  66 |  
     |  ^
  
      at failureErrorWithLog (/home/workspace/node_modules/esbuild/lib/main.js:1472:15)
      at /home/workspace/node_modules/esbuild/lib/main.js:755:50
      at responseCallbacks.<computed> (/home/workspace/node_modules/esbuild/lib/main.js:622:9)
      at handleIncomingPacket (/home/workspace/node_modules/esbuild/lib/main.js:677:12)
      at Socket.readFromStdout (/home/workspace/node_modules/esbuild/lib/main.js:600:7)
      at Socket.emit (node:events:508:28)
      at addChunk (node:internal/streams/readable:559:12)
      at readableAddChunkPushByteMode (node:internal/streams/readable:510:3)
      at Readable.push (node:internal/streams/readable:390:5)
      at Pipe.onStreamRead (node:internal/stream_base_commons:189:23)
4:51:25 PM [vite] Internal server error: Transform failed with 4 errors:
/home/workspace/src/components/Docs.jsx:34:16: ERROR: Unexpected closing "Section" tag does not match opening "your_key" tag
/home/workspace/src/components/Docs.jsx:35:14: ERROR: Unexpected closing "div" tag does not match opening "Section" tag
/home/workspace/src/components/Docs.jsx:61:6: ERROR: Unexpected closing "section" tag does not match opening "div" tag
/home/workspace/src/components/Docs.jsx:66:0: ERROR: Unexpected end of file before a closing "section" tag
  Plugin: vite:esbuild
  File: /home/workspace/src/components/Docs.jsx:34:16
  
  Unexpected closing "Section" tag does not match opening "your_key" tag
  32 |                <Section title="Authentication">
  33 |                  Use API keys with fine-grained scopes. Send as Authorization: Bearer <your_key> over HTTPS.
  34 |                </Section>
     |                  ^
  35 |              </div>
  36 |  
  
  Unexpected closing "div" tag does not match opening "Section" tag
  33 |                  Use API keys with fine-grained scopes. Send as Authorization: Bearer <your_key> over HTTPS.
  34 |                </Section>
  35 |              </div>
     |                ^
  36 |  
  37 |              <div id="webhooks" className="grid md:grid-cols-3 gap-6">
  
  Unexpected closing "section" tag does not match opening "div" tag
  59 |          </div>
  60 |        </div>
  61 |      </section>
     |        ^
  62 |    );
  63 |  };
  
  Unexpected end of file before a closing "section" tag
  64 |  
  65 |  export default Docs;
  66 |  
     |  ^
  
      at failureErrorWithLog (/home/workspace/node_modules/esbuild/lib/main.js:1472:15)
      at /home/workspace/node_modules/esbuild/lib/main.js:755:50
      at responseCallbacks.<computed> (/home/workspace/node_modules/esbuild/lib/main.js:622:9)
      at handleIncomingPacket (/home/workspace/node_modules/esbuild/lib/main.js:677:12)
      at Socket.readFromStdout (/home/workspace/node_modules/esbuild/lib/main.js:600:7)
      at Socket.emit (node:events:508:28)
      at addChunk (node:internal/streams/readable:559:12)
      at readableAddChunkPushByteMode (node:internal/streams/readable:510:3)
      at Readable.push (node:internal/streams/readable:390:5)
      at Pipe.onStreamRead (node:internal/stream_base_commons:189:23)
